<?xml version="1.0" encoding="UTF-8"?>
<!-- Generated by org.testng.reporters.JUnitReportReporter -->
<testsuite skipped="0" hostname="DESKTOP-AVRBRCH" name="seleniumGridTest.GridTest" tests="3" failures="0" timestamp="30 Oct 2018 02:57:16 GMT" time="22.699" errors="0">
  <testcase name="seleniumGridTest" time="0.014" classname="seleniumGridTest.GridTest"/>
  <testcase name="seleniumGridTest" time="13.081" classname="seleniumGridTest.GridTest"/>
  <testcase name="seleniumGridTest" time="9.604" classname="seleniumGridTest.GridTest"/>
</testsuite> <!-- seleniumGridTest.GridTest -->
